0 info it worked if it ends with ok
1 verbose cli [ 'C:\\Program Files (x86)\\nodejs\\node.exe',
1 verbose cli   'C:\\Program Files (x86)\\nodejs\\node_modules\\npm\\bin\\npm-cli.js',
1 verbose cli   'run',
1 verbose cli   'test' ]
2 info using npm@3.10.10
3 info using node@v6.10.2
4 verbose run-script [ 'pretest', 'test', 'posttest' ]
5 info lifecycle geekbrains@1.0.0~pretest: geekbrains@1.0.0
6 silly lifecycle geekbrains@1.0.0~pretest: no script for pretest, continuing
7 info lifecycle geekbrains@1.0.0~test: geekbrains@1.0.0
8 verbose lifecycle geekbrains@1.0.0~test: unsafe-perm in lifecycle true
9 verbose lifecycle geekbrains@1.0.0~test: PATH: C:\Program Files (x86)\nodejs\node_modules\npm\bin\node-gyp-bin;c:\OpenServer\domains\geekbrains\node_modules\.bin;C:\Users\804853\AppData\Roaming\npm;C:\Program Files (x86)\nodejs\;C:\ProgramData\Oracle\Java\javapath;C:\Program Files (x86)\Intel\iCLS Client\;C:\Program Files\Intel\iCLS Client\;C:\Windows\system32;C:\Windows;C:\Windows\System32\Wbem;C:\Windows\System32\WindowsPowerShell\v1.0\;C:\Program Files\Hewlett-Packard\SimplePass\;C:\Program Files\Intel\Intel(R) Management Engine Components\DAL;C:\Program Files\Intel\Intel(R) Management Engine Components\IPT;C:\Program Files (x86)\Intel\Intel(R) Management Engine Components\DAL;C:\Program Files (x86)\Intel\Intel(R) Management Engine Components\IPT;C:\Program Files (x86)\NVIDIA Corporation\PhysX\Common;C:\Program Files (x86)\Bitvise SSH Client;C:\WINDOWS\system32;C:\WINDOWS;C:\WINDOWS\System32\Wbem;C:\WINDOWS\System32\WindowsPowerShell\v1.0\;C:\Program Files\Git\cmd;C:\Program Files (x86)\Windows Live\Shared;C:\Program Files (x86)\Brackets\command;C:\Program Files\MySQL\MySQL Utilities 1.6\;C:\Program Files (x86)\Skype\Phone\;C:\Program Files (x86)\nodejs\;C:\Program Files (x86)\Java\jre7\bin;C:\Users\804853\AppData\Local\Microsoft\WindowsApps;C:\Users\804853\AppData\Roaming\npm
10 verbose lifecycle geekbrains@1.0.0~test: CWD: c:\OpenServer\domains\geekbrains
11 silly lifecycle geekbrains@1.0.0~test: Args: [ '/d /s /c', 'hermione' ]
12 silly lifecycle geekbrains@1.0.0~test: Returned: code: 1  signal: null
13 info lifecycle geekbrains@1.0.0~test: Failed to exec test script
14 verbose stack Error: geekbrains@1.0.0 test: `hermione`
14 verbose stack Exit status 1
14 verbose stack     at EventEmitter.<anonymous> (C:\Program Files (x86)\nodejs\node_modules\npm\lib\utils\lifecycle.js:255:16)
14 verbose stack     at emitTwo (events.js:106:13)
14 verbose stack     at EventEmitter.emit (events.js:191:7)
14 verbose stack     at ChildProcess.<anonymous> (C:\Program Files (x86)\nodejs\node_modules\npm\lib\utils\spawn.js:40:14)
14 verbose stack     at emitTwo (events.js:106:13)
14 verbose stack     at ChildProcess.emit (events.js:191:7)
14 verbose stack     at maybeClose (internal/child_process.js:886:16)
14 verbose stack     at Process.ChildProcess._handle.onexit (internal/child_process.js:226:5)
15 verbose pkgid geekbrains@1.0.0
16 verbose cwd c:\OpenServer\domains\geekbrains
17 error Windows_NT 10.0.14393
18 error argv "C:\\Program Files (x86)\\nodejs\\node.exe" "C:\\Program Files (x86)\\nodejs\\node_modules\\npm\\bin\\npm-cli.js" "run" "test"
19 error node v6.10.2
20 error npm  v3.10.10
21 error code ELIFECYCLE
22 error geekbrains@1.0.0 test: `hermione`
22 error Exit status 1
23 error Failed at the geekbrains@1.0.0 test script 'hermione'.
23 error Make sure you have the latest version of node.js and npm installed.
23 error If you do, this is most likely a problem with the geekbrains package,
23 error not with npm itself.
23 error Tell the author that this fails on your system:
23 error     hermione
23 error You can get information on how to open an issue for this project with:
23 error     npm bugs geekbrains
23 error Or if that isn't available, you can get their info via:
23 error     npm owner ls geekbrains
23 error There is likely additional logging output above.
24 verbose exit [ 1, true ]
